C:\USERS\BAIYONGRUI\DESKTOP\RJ_HEARTBEAT\RJ_HEARTBEAT\DEBUG\MD5.OBJ
C:\USERS\BAIYONGRUI\DESKTOP\RJ_HEARTBEAT\RJ_HEARTBEAT\DEBUG\MENTOHUST.OBJ
C:\USERS\BAIYONGRUI\DESKTOP\RJ_HEARTBEAT\RJ_HEARTBEAT\DEBUG\MYCONFIG.OBJ
C:\USERS\BAIYONGRUI\DESKTOP\RJ_HEARTBEAT\RJ_HEARTBEAT\DEBUG\MYFUNC.OBJ
C:\USERS\BAIYONGRUI\DESKTOP\RJ_HEARTBEAT\RJ_HEARTBEAT\DEBUG\MYINI.OBJ
C:\USERS\BAIYONGRUI\DESKTOP\RJ_HEARTBEAT\RJ_HEARTBEAT\DEBUG\VC110.PDB
C:\USERS\BAIYONGRUI\DESKTOP\RJ_HEARTBEAT\RJ_HEARTBEAT\DEBUG\MYSTATE.OBJ
C:\USERS\BAIYONGRUI\DESKTOP\RJ_HEARTBEAT\RJ_HEARTBEAT\DEBUG\SOURCE.OBJ
C:\USERS\BAIYONGRUI\DESKTOP\RJ_HEARTBEAT\RUIJIE_HELPER\DEBUG\MD5.OBJ
C:\USERS\BAIYONGRUI\DESKTOP\RJ_HEARTBEAT\RUIJIE_HELPER\DEBUG\MENTOHUST.OBJ
C:\USERS\BAIYONGRUI\DESKTOP\RJ_HEARTBEAT\RUIJIE_HELPER\DEBUG\MYCONFIG.OBJ
C:\USERS\BAIYONGRUI\DESKTOP\RJ_HEARTBEAT\RUIJIE_HELPER\DEBUG\MYFUNC.OBJ
C:\USERS\BAIYONGRUI\DESKTOP\RJ_HEARTBEAT\RUIJIE_HELPER\DEBUG\MYINI.OBJ
C:\USERS\BAIYONGRUI\DESKTOP\RJ_HEARTBEAT\RUIJIE_HELPER\DEBUG\MYSTATE.OBJ
C:\USERS\BAIYONGRUI\DESKTOP\RJ_HEARTBEAT\RUIJIE_HELPER\DEBUG\VC110.PDB
C:\USERS\BAIYONGRUI\DESKTOP\RJ_HEARTBEAT\DEBUG\RJ_HEARTBEAT.ILK
C:\USERS\BAIYONGRUI\DESKTOP\RJ_HEARTBEAT\DEBUG\RJ_HEARTBEAT.EXE
C:\USERS\BAIYONGRUI\DESKTOP\RJ_HEARTBEAT\DEBUG\RJ_HEARTBEAT.PDB
C:\USERS\BAIYONGRUI\DESKTOP\RJ_HEARTBEAT\DEBUG\RUIJIE_HELPER.ILK
C:\USERS\BAIYONGRUI\DESKTOP\RJ_HEARTBEAT\DEBUG\RUIJIE_HELPER.EXE
C:\USERS\BAIYONGRUI\DESKTOP\RJ_HEARTBEAT\DEBUG\RUIJIE_HELPER.PDB
C:\Users\baiyongrui\Desktop\rj_heartbeat\ruijie_helper\Debug\md5.obj
C:\Users\baiyongrui\Desktop\rj_heartbeat\ruijie_helper\Debug\mentohust.obj
C:\Users\baiyongrui\Desktop\rj_heartbeat\ruijie_helper\Debug\myconfig.obj
C:\Users\baiyongrui\Desktop\rj_heartbeat\ruijie_helper\Debug\myfunc.obj
C:\Users\baiyongrui\Desktop\rj_heartbeat\ruijie_helper\Debug\myini.obj
C:\Users\baiyongrui\Desktop\rj_heartbeat\ruijie_helper\Debug\mystate.obj
C:\Users\baiyongrui\Desktop\rj_heartbeat\ruijie_helper\Debug\Source.obj
C:\Users\baiyongrui\Desktop\rj_heartbeat\ruijie_helper\Debug\cl.command.1.tlog
C:\Users\baiyongrui\Desktop\rj_heartbeat\ruijie_helper\Debug\CL.read.1.tlog
C:\Users\baiyongrui\Desktop\rj_heartbeat\ruijie_helper\Debug\CL.write.1.tlog
C:\Users\baiyongrui\Desktop\rj_heartbeat\ruijie_helper\Debug\link-cvtres.read.1.tlog
C:\Users\baiyongrui\Desktop\rj_heartbeat\ruijie_helper\Debug\link-cvtres.write.1.tlog
C:\Users\baiyongrui\Desktop\rj_heartbeat\ruijie_helper\Debug\link-rc.read.1.tlog
C:\Users\baiyongrui\Desktop\rj_heartbeat\ruijie_helper\Debug\link-rc.write.1.tlog
C:\Users\baiyongrui\Desktop\rj_heartbeat\ruijie_helper\Debug\link.116-cvtres.read.1.tlog
C:\Users\baiyongrui\Desktop\rj_heartbeat\ruijie_helper\Debug\link.116-cvtres.write.1.tlog
C:\Users\baiyongrui\Desktop\rj_heartbeat\ruijie_helper\Debug\link.116-rc.read.1.tlog
C:\Users\baiyongrui\Desktop\rj_heartbeat\ruijie_helper\Debug\link.116-rc.write.1.tlog
C:\Users\baiyongrui\Desktop\rj_heartbeat\ruijie_helper\Debug\link.116.read.1.tlog
C:\Users\baiyongrui\Desktop\rj_heartbeat\ruijie_helper\Debug\link.116.write.1.tlog
C:\Users\baiyongrui\Desktop\rj_heartbeat\ruijie_helper\Debug\link.1268-cvtres.read.1.tlog
C:\Users\baiyongrui\Desktop\rj_heartbeat\ruijie_helper\Debug\link.1268-cvtres.write.1.tlog
C:\Users\baiyongrui\Desktop\rj_heartbeat\ruijie_helper\Debug\link.1268-rc.read.1.tlog
C:\Users\baiyongrui\Desktop\rj_heartbeat\ruijie_helper\Debug\link.1268-rc.write.1.tlog
C:\Users\baiyongrui\Desktop\rj_heartbeat\ruijie_helper\Debug\link.1268.read.1.tlog
C:\Users\baiyongrui\Desktop\rj_heartbeat\ruijie_helper\Debug\link.1268.write.1.tlog
C:\Users\baiyongrui\Desktop\rj_heartbeat\ruijie_helper\Debug\link.1572-cvtres.read.1.tlog
C:\Users\baiyongrui\Desktop\rj_heartbeat\ruijie_helper\Debug\link.1572-cvtres.write.1.tlog
C:\Users\baiyongrui\Desktop\rj_heartbeat\ruijie_helper\Debug\link.1572-rc.read.1.tlog
C:\Users\baiyongrui\Desktop\rj_heartbeat\ruijie_helper\Debug\link.1572-rc.write.1.tlog
C:\Users\baiyongrui\Desktop\rj_heartbeat\ruijie_helper\Debug\link.1572.read.1.tlog
C:\Users\baiyongrui\Desktop\rj_heartbeat\ruijie_helper\Debug\link.1572.write.1.tlog
C:\Users\baiyongrui\Desktop\rj_heartbeat\ruijie_helper\Debug\link.2208-cvtres.read.1.tlog
C:\Users\baiyongrui\Desktop\rj_heartbeat\ruijie_helper\Debug\link.2208-cvtres.write.1.tlog
C:\Users\baiyongrui\Desktop\rj_heartbeat\ruijie_helper\Debug\link.2208-rc.read.1.tlog
C:\Users\baiyongrui\Desktop\rj_heartbeat\ruijie_helper\Debug\link.2208-rc.write.1.tlog
C:\Users\baiyongrui\Desktop\rj_heartbeat\ruijie_helper\Debug\link.2208.read.1.tlog
C:\Users\baiyongrui\Desktop\rj_heartbeat\ruijie_helper\Debug\link.2208.write.1.tlog
C:\Users\baiyongrui\Desktop\rj_heartbeat\ruijie_helper\Debug\link.2576-cvtres.read.1.tlog
C:\Users\baiyongrui\Desktop\rj_heartbeat\ruijie_helper\Debug\link.2576-cvtres.write.1.tlog
C:\Users\baiyongrui\Desktop\rj_heartbeat\ruijie_helper\Debug\link.2576-rc.read.1.tlog
C:\Users\baiyongrui\Desktop\rj_heartbeat\ruijie_helper\Debug\link.2576-rc.write.1.tlog
C:\Users\baiyongrui\Desktop\rj_heartbeat\ruijie_helper\Debug\link.2576.read.1.tlog
C:\Users\baiyongrui\Desktop\rj_heartbeat\ruijie_helper\Debug\link.2576.write.1.tlog
C:\Users\baiyongrui\Desktop\rj_heartbeat\ruijie_helper\Debug\link.2620-cvtres.read.1.tlog
C:\Users\baiyongrui\Desktop\rj_heartbeat\ruijie_helper\Debug\link.2620-cvtres.write.1.tlog
C:\Users\baiyongrui\Desktop\rj_heartbeat\ruijie_helper\Debug\link.2620-rc.read.1.tlog
C:\Users\baiyongrui\Desktop\rj_heartbeat\ruijie_helper\Debug\link.2620-rc.write.1.tlog
C:\Users\baiyongrui\Desktop\rj_heartbeat\ruijie_helper\Debug\link.2620.read.1.tlog
C:\Users\baiyongrui\Desktop\rj_heartbeat\ruijie_helper\Debug\link.2620.write.1.tlog
C:\Users\baiyongrui\Desktop\rj_heartbeat\ruijie_helper\Debug\link.3124-cvtres.read.1.tlog
C:\Users\baiyongrui\Desktop\rj_heartbeat\ruijie_helper\Debug\link.3124-cvtres.write.1.tlog
C:\Users\baiyongrui\Desktop\rj_heartbeat\ruijie_helper\Debug\link.3124-rc.read.1.tlog
C:\Users\baiyongrui\Desktop\rj_heartbeat\ruijie_helper\Debug\link.3124-rc.write.1.tlog
C:\Users\baiyongrui\Desktop\rj_heartbeat\ruijie_helper\Debug\link.3124.read.1.tlog
C:\Users\baiyongrui\Desktop\rj_heartbeat\ruijie_helper\Debug\link.3124.write.1.tlog
C:\Users\baiyongrui\Desktop\rj_heartbeat\ruijie_helper\Debug\link.3320-cvtres.read.1.tlog
C:\Users\baiyongrui\Desktop\rj_heartbeat\ruijie_helper\Debug\link.3320-cvtres.write.1.tlog
C:\Users\baiyongrui\Desktop\rj_heartbeat\ruijie_helper\Debug\link.3320-rc.read.1.tlog
C:\Users\baiyongrui\Desktop\rj_heartbeat\ruijie_helper\Debug\link.3320-rc.write.1.tlog
C:\Users\baiyongrui\Desktop\rj_heartbeat\ruijie_helper\Debug\link.3320.read.1.tlog
C:\Users\baiyongrui\Desktop\rj_heartbeat\ruijie_helper\Debug\link.3320.write.1.tlog
C:\Users\baiyongrui\Desktop\rj_heartbeat\ruijie_helper\Debug\link.3340-cvtres.read.1.tlog
C:\Users\baiyongrui\Desktop\rj_heartbeat\ruijie_helper\Debug\link.3340-cvtres.write.1.tlog
C:\Users\baiyongrui\Desktop\rj_heartbeat\ruijie_helper\Debug\link.3340-rc.read.1.tlog
C:\Users\baiyongrui\Desktop\rj_heartbeat\ruijie_helper\Debug\link.3340-rc.write.1.tlog
C:\Users\baiyongrui\Desktop\rj_heartbeat\ruijie_helper\Debug\link.3340.read.1.tlog
C:\Users\baiyongrui\Desktop\rj_heartbeat\ruijie_helper\Debug\link.3340.write.1.tlog
C:\Users\baiyongrui\Desktop\rj_heartbeat\ruijie_helper\Debug\link.3648-cvtres.read.1.tlog
C:\Users\baiyongrui\Desktop\rj_heartbeat\ruijie_helper\Debug\link.3648-cvtres.write.1.tlog
C:\Users\baiyongrui\Desktop\rj_heartbeat\ruijie_helper\Debug\link.3648-rc.read.1.tlog
C:\Users\baiyongrui\Desktop\rj_heartbeat\ruijie_helper\Debug\link.3648-rc.write.1.tlog
C:\Users\baiyongrui\Desktop\rj_heartbeat\ruijie_helper\Debug\link.3648.read.1.tlog
C:\Users\baiyongrui\Desktop\rj_heartbeat\ruijie_helper\Debug\link.3648.write.1.tlog
C:\Users\baiyongrui\Desktop\rj_heartbeat\ruijie_helper\Debug\link.3668-cvtres.read.1.tlog
C:\Users\baiyongrui\Desktop\rj_heartbeat\ruijie_helper\Debug\link.3668-cvtres.write.1.tlog
C:\Users\baiyongrui\Desktop\rj_heartbeat\ruijie_helper\Debug\link.3668-rc.read.1.tlog
C:\Users\baiyongrui\Desktop\rj_heartbeat\ruijie_helper\Debug\link.3668-rc.write.1.tlog
C:\Users\baiyongrui\Desktop\rj_heartbeat\ruijie_helper\Debug\link.3668.read.1.tlog
C:\Users\baiyongrui\Desktop\rj_heartbeat\ruijie_helper\Debug\link.3668.write.1.tlog
C:\Users\baiyongrui\Desktop\rj_heartbeat\ruijie_helper\Debug\link.3744-cvtres.read.1.tlog
C:\Users\baiyongrui\Desktop\rj_heartbeat\ruijie_helper\Debug\link.3744-cvtres.write.1.tlog
C:\Users\baiyongrui\Desktop\rj_heartbeat\ruijie_helper\Debug\link.3744-rc.read.1.tlog
C:\Users\baiyongrui\Desktop\rj_heartbeat\ruijie_helper\Debug\link.3744-rc.write.1.tlog
C:\Users\baiyongrui\Desktop\rj_heartbeat\ruijie_helper\Debug\link.3744.read.1.tlog
C:\Users\baiyongrui\Desktop\rj_heartbeat\ruijie_helper\Debug\link.3744.write.1.tlog
C:\Users\baiyongrui\Desktop\rj_heartbeat\ruijie_helper\Debug\link.3884-cvtres.read.1.tlog
C:\Users\baiyongrui\Desktop\rj_heartbeat\ruijie_helper\Debug\link.3884-cvtres.write.1.tlog
C:\Users\baiyongrui\Desktop\rj_heartbeat\ruijie_helper\Debug\link.3884-rc.read.1.tlog
C:\Users\baiyongrui\Desktop\rj_heartbeat\ruijie_helper\Debug\link.3884-rc.write.1.tlog
C:\Users\baiyongrui\Desktop\rj_heartbeat\ruijie_helper\Debug\link.3884.read.1.tlog
C:\Users\baiyongrui\Desktop\rj_heartbeat\ruijie_helper\Debug\link.3884.write.1.tlog
C:\Users\baiyongrui\Desktop\rj_heartbeat\ruijie_helper\Debug\link.command.1.tlog
C:\Users\baiyongrui\Desktop\rj_heartbeat\ruijie_helper\Debug\link.read.1.tlog
C:\Users\baiyongrui\Desktop\rj_heartbeat\ruijie_helper\Debug\link.write.1.tlog
C:\Users\baiyongrui\Desktop\rj_heartbeat\ruijie_helper\Debug\vc110.idb
C:\Users\baiyongrui\Desktop\rj_heartbeat\ruijie_helper\Debug\vc110.pdb
C:\Users\baiyongrui\Desktop\rj_heartbeat\Debug\ruijie_helper.pdb
C:\Users\baiyongrui\Desktop\rj_heartbeat\Debug\ruijie_helper.exe
C:\Users\baiyongrui\Desktop\rj_heartbeat\Debug\ruijie_helper.ilk
