C:\USERS\BAIYONGRUI\DESKTOP\RJ_HEARTBEAT\RJ_HEARTBEAT\RELEASE\MYSTATE.OBJ
C:\USERS\BAIYONGRUI\DESKTOP\RJ_HEARTBEAT\RJ_HEARTBEAT\RELEASE\MYINI.OBJ
C:\USERS\BAIYONGRUI\DESKTOP\RJ_HEARTBEAT\RJ_HEARTBEAT\RELEASE\MYFUNC.OBJ
C:\USERS\BAIYONGRUI\DESKTOP\RJ_HEARTBEAT\RJ_HEARTBEAT\RELEASE\MYCONFIG.OBJ
C:\USERS\BAIYONGRUI\DESKTOP\RJ_HEARTBEAT\RJ_HEARTBEAT\RELEASE\MENTOHUST.OBJ
C:\USERS\BAIYONGRUI\DESKTOP\RJ_HEARTBEAT\RJ_HEARTBEAT\RELEASE\MD5.OBJ
C:\USERS\BAIYONGRUI\DESKTOP\RJ_HEARTBEAT\RJ_HEARTBEAT\RELEASE\VC110.PDB
C:\USERS\BAIYONGRUI\DESKTOP\RJ_HEARTBEAT\RELEASE\RJ_HEARTBEAT.EXE
C:\USERS\BAIYONGRUI\DESKTOP\RJ_HEARTBEAT\RELEASE\RJ_HEARTBEAT.PDB
C:\Users\baiyongrui\Desktop\rj_heartbeat\rj_heartbeat\Release\md5.obj
C:\Users\baiyongrui\Desktop\rj_heartbeat\rj_heartbeat\Release\mentohust.obj
C:\Users\baiyongrui\Desktop\rj_heartbeat\rj_heartbeat\Release\myconfig.obj
C:\Users\baiyongrui\Desktop\rj_heartbeat\rj_heartbeat\Release\myfunc.obj
C:\Users\baiyongrui\Desktop\rj_heartbeat\rj_heartbeat\Release\myini.obj
C:\Users\baiyongrui\Desktop\rj_heartbeat\rj_heartbeat\Release\mystate.obj
C:\Users\baiyongrui\Desktop\rj_heartbeat\rj_heartbeat\Release\cl.command.1.tlog
C:\Users\baiyongrui\Desktop\rj_heartbeat\rj_heartbeat\Release\CL.read.1.tlog
C:\Users\baiyongrui\Desktop\rj_heartbeat\rj_heartbeat\Release\CL.write.1.tlog
C:\Users\baiyongrui\Desktop\rj_heartbeat\rj_heartbeat\Release\link-cvtres.read.1.tlog
C:\Users\baiyongrui\Desktop\rj_heartbeat\rj_heartbeat\Release\link-cvtres.write.1.tlog
C:\Users\baiyongrui\Desktop\rj_heartbeat\rj_heartbeat\Release\link-rc.read.1.tlog
C:\Users\baiyongrui\Desktop\rj_heartbeat\rj_heartbeat\Release\link-rc.write.1.tlog
C:\Users\baiyongrui\Desktop\rj_heartbeat\rj_heartbeat\Release\link.command.1.tlog
C:\Users\baiyongrui\Desktop\rj_heartbeat\rj_heartbeat\Release\link.read.1.tlog
C:\Users\baiyongrui\Desktop\rj_heartbeat\rj_heartbeat\Release\link.write.1.tlog
C:\Users\baiyongrui\Desktop\rj_heartbeat\rj_heartbeat\Release\vc110.pdb
C:\Users\baiyongrui\Desktop\rj_heartbeat\Release\rj_heartbeat.pdb
C:\Users\baiyongrui\Desktop\rj_heartbeat\Release\rj_heartbeat.exe
