C:\USERS\BAIYONGRUI\DESKTOP\RJ_HEARTBEAT\RUIJIE_HELPER\RELEASE\MYSTATE.OBJ
C:\USERS\BAIYONGRUI\DESKTOP\RJ_HEARTBEAT\RUIJIE_HELPER\RELEASE\MYINI.OBJ
C:\USERS\BAIYONGRUI\DESKTOP\RJ_HEARTBEAT\RUIJIE_HELPER\RELEASE\MYFUNC.OBJ
C:\USERS\BAIYONGRUI\DESKTOP\RJ_HEARTBEAT\RUIJIE_HELPER\RELEASE\MYCONFIG.OBJ
C:\USERS\BAIYONGRUI\DESKTOP\RJ_HEARTBEAT\RUIJIE_HELPER\RELEASE\MENTOHUST.OBJ
C:\USERS\BAIYONGRUI\DESKTOP\RJ_HEARTBEAT\RUIJIE_HELPER\RELEASE\MD5.OBJ
C:\USERS\BAIYONGRUI\DESKTOP\RJ_HEARTBEAT\RUIJIE_HELPER\RELEASE\VC110.PDB
C:\USERS\BAIYONGRUI\DESKTOP\RJ_HEARTBEAT\RELEASE\RUIJIE_HELPER.EXE
C:\USERS\BAIYONGRUI\DESKTOP\RJ_HEARTBEAT\RELEASE\RUIJIE_HELPER.PDB
C:\Users\baiyongrui\Desktop\rj_heartbeat\ruijie_helper\Release\md5.obj
C:\Users\baiyongrui\Desktop\rj_heartbeat\ruijie_helper\Release\mentohust.obj
C:\Users\baiyongrui\Desktop\rj_heartbeat\ruijie_helper\Release\myconfig.obj
C:\Users\baiyongrui\Desktop\rj_heartbeat\ruijie_helper\Release\myfunc.obj
C:\Users\baiyongrui\Desktop\rj_heartbeat\ruijie_helper\Release\myini.obj
C:\Users\baiyongrui\Desktop\rj_heartbeat\ruijie_helper\Release\mystate.obj
C:\Users\baiyongrui\Desktop\rj_heartbeat\ruijie_helper\Release\cl.command.1.tlog
C:\Users\baiyongrui\Desktop\rj_heartbeat\ruijie_helper\Release\CL.read.1.tlog
C:\Users\baiyongrui\Desktop\rj_heartbeat\ruijie_helper\Release\CL.write.1.tlog
C:\Users\baiyongrui\Desktop\rj_heartbeat\ruijie_helper\Release\link-cvtres.read.1.tlog
C:\Users\baiyongrui\Desktop\rj_heartbeat\ruijie_helper\Release\link-cvtres.write.1.tlog
C:\Users\baiyongrui\Desktop\rj_heartbeat\ruijie_helper\Release\link-rc.read.1.tlog
C:\Users\baiyongrui\Desktop\rj_heartbeat\ruijie_helper\Release\link-rc.write.1.tlog
C:\Users\baiyongrui\Desktop\rj_heartbeat\ruijie_helper\Release\link.command.1.tlog
C:\Users\baiyongrui\Desktop\rj_heartbeat\ruijie_helper\Release\link.read.1.tlog
C:\Users\baiyongrui\Desktop\rj_heartbeat\ruijie_helper\Release\link.write.1.tlog
C:\Users\baiyongrui\Desktop\rj_heartbeat\ruijie_helper\Release\vc110.pdb
C:\Users\baiyongrui\Desktop\rj_heartbeat\Release\ruijie_helper.pdb
C:\Users\baiyongrui\Desktop\rj_heartbeat\Release\ruijie_helper.exe
